{"/home/sairam/Desktop/bmi-calculator/bmi-calculator/test_data.ts": {"path":"/home/sairam/Desktop/bmi-calculator/bmi-calculator/test_data.ts","statementMap":{"0":{"start":{"line":3,"column":13},"end":{"line":10,"column":2}}},"fnMap":{},"branchMap":{},"s":{"0":1},"f":{},"b":{}}
,"/home/sairam/Desktop/bmi-calculator/bmi-calculator/weightConfigurations.ts": {"path":"/home/sairam/Desktop/bmi-calculator/bmi-calculator/weightConfigurations.ts","statementMap":{"0":{"start":{"line":1,"column":13},"end":{"line":38,"column":2}}},"fnMap":{},"branchMap":{},"s":{"0":4},"f":{},"b":{}}
,"/home/sairam/Desktop/bmi-calculator/bmi-calculator/src/index.ts": {"path":"/home/sairam/Desktop/bmi-calculator/bmi-calculator/src/index.ts","statementMap":{"0":{"start":{"line":1,"column":0},"end":{"line":1,"column":25}},"1":{"start":{"line":2,"column":0},"end":{"line":2,"column":23}}},"fnMap":{},"branchMap":{},"s":{"0":4,"1":4},"f":{},"b":{}}
,"/home/sairam/Desktop/bmi-calculator/bmi-calculator/src/common/index.ts": {"path":"/home/sairam/Desktop/bmi-calculator/bmi-calculator/src/common/index.ts","statementMap":{"0":{"start":{"line":1,"column":0},"end":{"line":1,"column":24}},"1":{"start":{"line":2,"column":0},"end":{"line":2,"column":29}},"2":{"start":{"line":3,"column":0},"end":{"line":3,"column":24}}},"fnMap":{},"branchMap":{},"s":{"0":4,"1":4,"2":4},"f":{},"b":{}}
,"/home/sairam/Desktop/bmi-calculator/bmi-calculator/src/common/enums/bmiCategories.ts": {"path":"/home/sairam/Desktop/bmi-calculator/bmi-calculator/src/common/enums/bmiCategories.ts","statementMap":{"0":{"start":{"line":1,"column":0},"end":{"line":1,"column":null}},"1":{"start":{"line":2,"column":2},"end":{"line":2,"column":null}},"2":{"start":{"line":3,"column":2},"end":{"line":3,"column":null}},"3":{"start":{"line":4,"column":2},"end":{"line":4,"column":null}},"4":{"start":{"line":5,"column":2},"end":{"line":5,"column":null}},"5":{"start":{"line":6,"column":2},"end":{"line":6,"column":null}},"6":{"start":{"line":7,"column":2},"end":{"line":7,"column":null}}},"fnMap":{"0":{"name":"(anonymous_0)","decl":{"start":{"line":1,"column":0},"end":{"line":1,"column":12}},"loc":{"start":{"line":1,"column":25},"end":{"line":8,"column":1}}}},"branchMap":{"0":{"loc":{"start":{"line":1,"column":12},"end":{"line":1,"column":25}},"type":"binary-expr","locations":[{"start":{"line":1,"column":12},"end":{"line":1,"column":25}},{"start":{"line":1,"column":12},"end":{"line":1,"column":null}}]}},"s":{"0":4,"1":4,"2":4,"3":4,"4":4,"5":4,"6":4},"f":{"0":4},"b":{"0":[4,4]}}
,"/home/sairam/Desktop/bmi-calculator/bmi-calculator/src/common/enums/health-risk.ts": {"path":"/home/sairam/Desktop/bmi-calculator/bmi-calculator/src/common/enums/health-risk.ts","statementMap":{"0":{"start":{"line":1,"column":0},"end":{"line":1,"column":null}},"1":{"start":{"line":2,"column":2},"end":{"line":2,"column":null}},"2":{"start":{"line":3,"column":2},"end":{"line":3,"column":null}},"3":{"start":{"line":4,"column":2},"end":{"line":4,"column":null}},"4":{"start":{"line":5,"column":2},"end":{"line":5,"column":null}},"5":{"start":{"line":6,"column":2},"end":{"line":6,"column":null}},"6":{"start":{"line":7,"column":2},"end":{"line":7,"column":null}}},"fnMap":{"0":{"name":"(anonymous_0)","decl":{"start":{"line":1,"column":0},"end":{"line":1,"column":12}},"loc":{"start":{"line":1,"column":23},"end":{"line":8,"column":1}}}},"branchMap":{"0":{"loc":{"start":{"line":1,"column":12},"end":{"line":1,"column":23}},"type":"binary-expr","locations":[{"start":{"line":1,"column":12},"end":{"line":1,"column":23}},{"start":{"line":1,"column":12},"end":{"line":1,"column":null}}]}},"s":{"0":4,"1":4,"2":4,"3":4,"4":4,"5":4,"6":4},"f":{"0":4},"b":{"0":[4,4]}}
,"/home/sairam/Desktop/bmi-calculator/bmi-calculator/src/common/enums/index.ts": {"path":"/home/sairam/Desktop/bmi-calculator/bmi-calculator/src/common/enums/index.ts","statementMap":{"0":{"start":{"line":1,"column":0},"end":{"line":1,"column":30}},"1":{"start":{"line":2,"column":0},"end":{"line":2,"column":32}}},"fnMap":{},"branchMap":{},"s":{"0":4,"1":4},"f":{},"b":{}}
,"/home/sairam/Desktop/bmi-calculator/bmi-calculator/src/common/interfaces/index.ts": {"path":"/home/sairam/Desktop/bmi-calculator/bmi-calculator/src/common/interfaces/index.ts","statementMap":{"0":{"start":{"line":1,"column":0},"end":{"line":1,"column":30}},"1":{"start":{"line":2,"column":0},"end":{"line":2,"column":28}},"2":{"start":{"line":3,"column":0},"end":{"line":3,"column":28}}},"fnMap":{},"branchMap":{},"s":{"0":4,"1":4,"2":4},"f":{},"b":{}}
,"/home/sairam/Desktop/bmi-calculator/bmi-calculator/src/common/utils/calculateBMI.ts": {"path":"/home/sairam/Desktop/bmi-calculator/bmi-calculator/src/common/utils/calculateBMI.ts","statementMap":{"0":{"start":{"line":4,"column":14},"end":{"line":6,"column":1}},"1":{"start":{"line":5,"column":2},"end":{"line":5,"column":63}},"2":{"start":{"line":1,"column":13},"end":{"line":1,"column":null}}},"fnMap":{"0":{"name":"(anonymous_0)","decl":{"start":{"line":4,"column":14},"end":{"line":4,"column":15}},"loc":{"start":{"line":4,"column":59},"end":{"line":6,"column":1}}}},"branchMap":{},"s":{"0":4,"1":43,"2":4},"f":{"0":43},"b":{}}
,"/home/sairam/Desktop/bmi-calculator/bmi-calculator/src/common/utils/getBMICategorMaxValue.ts": {"path":"/home/sairam/Desktop/bmi-calculator/bmi-calculator/src/common/utils/getBMICategorMaxValue.ts","statementMap":{"0":{"start":{"line":1,"column":0},"end":{"line":1,"column":69}},"1":{"start":{"line":3,"column":39},"end":{"line":7,"column":1}},"2":{"start":{"line":4,"column":2},"end":{"line":6,"column":4}},"3":{"start":{"line":5,"column":22},"end":{"line":5,"column":36}},"4":{"start":{"line":3,"column":13},"end":{"line":3,"column":39}}},"fnMap":{"0":{"name":"(anonymous_0)","decl":{"start":{"line":3,"column":39},"end":{"line":3,"column":42}},"loc":{"start":{"line":3,"column":44},"end":{"line":7,"column":1}}},"1":{"name":"(anonymous_1)","decl":{"start":{"line":5,"column":4},"end":{"line":5,"column":5}},"loc":{"start":{"line":5,"column":22},"end":{"line":5,"column":36}}}},"branchMap":{},"s":{"0":4,"1":4,"2":11,"3":66,"4":4},"f":{"0":11,"1":66},"b":{}}
,"/home/sairam/Desktop/bmi-calculator/bmi-calculator/src/common/utils/getBMIDetails.ts": {"path":"/home/sairam/Desktop/bmi-calculator/bmi-calculator/src/common/utils/getBMIDetails.ts","statementMap":{"0":{"start":{"line":1,"column":0},"end":{"line":1,"column":69}},"1":{"start":{"line":3,"column":23},"end":{"line":3,"column":56}},"2":{"start":{"line":5,"column":48},"end":{"line":7,"column":1}},"3":{"start":{"line":6,"column":2},"end":{"line":6,"column":24}},"4":{"start":{"line":5,"column":13},"end":{"line":5,"column":48}}},"fnMap":{"0":{"name":"(anonymous_0)","decl":{"start":{"line":5,"column":48},"end":{"line":5,"column":51}},"loc":{"start":{"line":5,"column":53},"end":{"line":7,"column":1}}}},"branchMap":{},"s":{"0":4,"1":4,"2":4,"3":11,"4":4},"f":{"0":11},"b":{}}
,"/home/sairam/Desktop/bmi-calculator/bmi-calculator/src/common/utils/index.ts": {"path":"/home/sairam/Desktop/bmi-calculator/bmi-calculator/src/common/utils/index.ts","statementMap":{"0":{"start":{"line":1,"column":0},"end":{"line":1,"column":31}},"1":{"start":{"line":2,"column":0},"end":{"line":2,"column":40}},"2":{"start":{"line":3,"column":0},"end":{"line":3,"column":32}}},"fnMap":{},"branchMap":{},"s":{"0":4,"1":4,"2":4},"f":{},"b":{}}
,"/home/sairam/Desktop/bmi-calculator/bmi-calculator/src/main/CalculateBMIToTheUsers.ts": {"path":"/home/sairam/Desktop/bmi-calculator/bmi-calculator/src/main/CalculateBMIToTheUsers.ts","statementMap":{"0":{"start":{"line":1,"column":0},"end":{"line":1,"column":52}},"1":{"start":{"line":2,"column":0},"end":{"line":2,"column":47}},"2":{"start":{"line":3,"column":0},"end":{"line":3,"column":66}},"3":{"start":{"line":4,"column":0},"end":{"line":4,"column":65}},"4":{"start":{"line":6,"column":0},"end":{"line":6,"column":48}},"5":{"start":{"line":23,"column":9},"end":{"line":35,"column":4}},"6":{"start":{"line":24,"column":31},"end":{"line":24,"column":40}},"7":{"start":{"line":26,"column":4},"end":{"line":33,"column":null}},"8":{"start":{"line":26,"column":17},"end":{"line":26,"column":18}},"9":{"start":{"line":27,"column":6},"end":{"line":32,"column":null}},"10":{"start":{"line":28,"column":33},"end":{"line":28,"column":54}},"11":{"start":{"line":30,"column":8},"end":{"line":30,"column":73}},"12":{"start":{"line":31,"column":8},"end":{"line":31,"column":14}},"13":{"start":{"line":34,"column":4},"end":{"line":34,"column":19}},"14":{"start":{"line":37,"column":9},"end":{"line":48,"column":7}},"15":{"start":{"line":38,"column":4},"end":{"line":48,"column":6}},"16":{"start":{"line":39,"column":18},"end":{"line":39,"column":68}},"17":{"start":{"line":40,"column":6},"end":{"line":40,"column":30}},"18":{"start":{"line":41,"column":35},"end":{"line":41,"column":55}},"19":{"start":{"line":42,"column":6},"end":{"line":47,"column":8}},"20":{"start":{"line":50,"column":9},"end":{"line":54,"column":4}},"21":{"start":{"line":51,"column":4},"end":{"line":53,"column":6}},"22":{"start":{"line":52,"column":27},"end":{"line":52,"column":73}},"23":{"start":{"line":55,"column":9},"end":{"line":59,"column":4}},"24":{"start":{"line":56,"column":4},"end":{"line":58,"column":6}},"25":{"start":{"line":57,"column":27},"end":{"line":57,"column":78}},"26":{"start":{"line":60,"column":9},"end":{"line":64,"column":4}},"27":{"start":{"line":61,"column":4},"end":{"line":63,"column":6}},"28":{"start":{"line":62,"column":27},"end":{"line":62,"column":75}},"29":{"start":{"line":65,"column":9},"end":{"line":69,"column":4}},"30":{"start":{"line":66,"column":4},"end":{"line":68,"column":6}},"31":{"start":{"line":67,"column":27},"end":{"line":67,"column":76}},"32":{"start":{"line":70,"column":9},"end":{"line":75,"column":4}},"33":{"start":{"line":71,"column":4},"end":{"line":74,"column":6}},"34":{"start":{"line":73,"column":8},"end":{"line":73,"column":62}},"35":{"start":{"line":76,"column":9},"end":{"line":80,"column":4}},"36":{"start":{"line":77,"column":4},"end":{"line":79,"column":6}},"37":{"start":{"line":78,"column":27},"end":{"line":78,"column":74}},"38":{"start":{"line":16,"column":4},"end":{"line":16,"column":25}},"39":{"start":{"line":17,"column":4},"end":{"line":17,"column":58}},"40":{"start":{"line":18,"column":4},"end":{"line":18,"column":44}},"41":{"start":{"line":21,"column":4},"end":{"line":21,"column":25}},"42":{"start":{"line":10,"column":0},"end":{"line":10,"column":13}}},"fnMap":{"0":{"name":"(anonymous_0)","decl":{"start":{"line":15,"column":2},"end":{"line":15,"column":14}},"loc":{"start":{"line":15,"column":31},"end":{"line":19,"column":3}}},"1":{"name":"(anonymous_1)","decl":{"start":{"line":23,"column":57},"end":{"line":23,"column":58}},"loc":{"start":{"line":23,"column":78},"end":{"line":35,"column":3}}},"2":{"name":"(anonymous_2)","decl":{"start":{"line":37,"column":44},"end":{"line":37,"column":47}},"loc":{"start":{"line":38,"column":4},"end":{"line":48,"column":6}}},"3":{"name":"(anonymous_3)","decl":{"start":{"line":38,"column":22},"end":{"line":38,"column":23}},"loc":{"start":{"line":38,"column":53},"end":{"line":48,"column":5}}},"4":{"name":"(anonymous_4)","decl":{"start":{"line":50,"column":33},"end":{"line":50,"column":36}},"loc":{"start":{"line":50,"column":38},"end":{"line":54,"column":3}}},"5":{"name":"(anonymous_5)","decl":{"start":{"line":52,"column":6},"end":{"line":52,"column":7}},"loc":{"start":{"line":52,"column":27},"end":{"line":52,"column":73}}},"6":{"name":"(anonymous_6)","decl":{"start":{"line":55,"column":36},"end":{"line":55,"column":39}},"loc":{"start":{"line":55,"column":41},"end":{"line":59,"column":3}}},"7":{"name":"(anonymous_7)","decl":{"start":{"line":57,"column":6},"end":{"line":57,"column":7}},"loc":{"start":{"line":57,"column":27},"end":{"line":57,"column":78}}},"8":{"name":"(anonymous_8)","decl":{"start":{"line":60,"column":37},"end":{"line":60,"column":40}},"loc":{"start":{"line":60,"column":42},"end":{"line":64,"column":3}}},"9":{"name":"(anonymous_9)","decl":{"start":{"line":62,"column":6},"end":{"line":62,"column":7}},"loc":{"start":{"line":62,"column":27},"end":{"line":62,"column":75}}},"10":{"name":"(anonymous_10)","decl":{"start":{"line":65,"column":37},"end":{"line":65,"column":40}},"loc":{"start":{"line":65,"column":42},"end":{"line":69,"column":3}}},"11":{"name":"(anonymous_11)","decl":{"start":{"line":67,"column":6},"end":{"line":67,"column":7}},"loc":{"start":{"line":67,"column":27},"end":{"line":67,"column":76}}},"12":{"name":"(anonymous_12)","decl":{"start":{"line":70,"column":41},"end":{"line":70,"column":44}},"loc":{"start":{"line":70,"column":46},"end":{"line":75,"column":3}}},"13":{"name":"(anonymous_13)","decl":{"start":{"line":72,"column":6},"end":{"line":72,"column":7}},"loc":{"start":{"line":73,"column":8},"end":{"line":73,"column":62}}},"14":{"name":"(anonymous_14)","decl":{"start":{"line":76,"column":34},"end":{"line":76,"column":37}},"loc":{"start":{"line":76,"column":39},"end":{"line":80,"column":3}}},"15":{"name":"(anonymous_15)","decl":{"start":{"line":78,"column":6},"end":{"line":78,"column":7}},"loc":{"start":{"line":78,"column":27},"end":{"line":78,"column":74}}},"16":{"name":"(anonymous_16)","decl":{"start":{"line":20,"column":9},"end":{"line":20,"column":20}},"loc":{"start":{"line":20,"column":20},"end":{"line":22,"column":3}}}},"branchMap":{"0":{"loc":{"start":{"line":27,"column":6},"end":{"line":32,"column":null}},"type":"if","locations":[{"start":{"line":27,"column":6},"end":{"line":32,"column":null}},{"start":{"line":27,"column":6},"end":{"line":32,"column":null}}]}},"s":{"0":4,"1":4,"2":4,"3":4,"4":4,"5":10,"6":43,"7":43,"8":43,"9":136,"10":43,"11":43,"12":43,"13":43,"14":10,"15":7,"16":42,"17":42,"18":42,"19":42,"20":10,"21":1,"22":6,"23":10,"24":1,"25":6,"26":10,"27":1,"28":6,"29":10,"30":1,"31":6,"32":10,"33":1,"34":6,"35":10,"36":1,"37":6,"38":10,"39":10,"40":10,"41":3,"42":4},"f":{"0":10,"1":43,"2":7,"3":42,"4":1,"5":6,"6":1,"7":6,"8":1,"9":6,"10":1,"11":6,"12":1,"13":6,"14":1,"15":6,"16":3},"b":{"0":[43,93]}}
,"/home/sairam/Desktop/bmi-calculator/bmi-calculator/src/main/index.ts": {"path":"/home/sairam/Desktop/bmi-calculator/bmi-calculator/src/main/index.ts","statementMap":{"0":{"start":{"line":1,"column":0},"end":{"line":1,"column":41}}},"fnMap":{},"branchMap":{},"s":{"0":4},"f":{},"b":{}}
}
