TN:
SF:test_data.ts
FNF:0
FNH:0
DA:3,1
LF:1
LH:1
BRF:0
BRH:0
end_of_record
TN:
SF:weightConfigurations.ts
FNF:0
FNH:0
DA:1,4
LF:1
LH:1
BRF:0
BRH:0
end_of_record
TN:
SF:src/index.ts
FNF:0
FNH:0
DA:1,4
DA:2,4
LF:2
LH:2
BRF:0
BRH:0
end_of_record
TN:
SF:src/common/index.ts
FNF:0
FNH:0
DA:1,4
DA:2,4
DA:3,4
LF:3
LH:3
BRF:0
BRH:0
end_of_record
TN:
SF:src/common/enums/bmiCategories.ts
FN:1,(anonymous_0)
FNF:1
FNH:1
FNDA:4,(anonymous_0)
DA:1,4
DA:2,4
DA:3,4
DA:4,4
DA:5,4
DA:6,4
DA:7,4
LF:7
LH:7
BRDA:1,0,0,4
BRDA:1,0,1,4
BRF:2
BRH:2
end_of_record
TN:
SF:src/common/enums/health-risk.ts
FN:1,(anonymous_0)
FNF:1
FNH:1
FNDA:4,(anonymous_0)
DA:1,4
DA:2,4
DA:3,4
DA:4,4
DA:5,4
DA:6,4
DA:7,4
LF:7
LH:7
BRDA:1,0,0,4
BRDA:1,0,1,4
BRF:2
BRH:2
end_of_record
TN:
SF:src/common/enums/index.ts
FNF:0
FNH:0
DA:1,4
DA:2,4
LF:2
LH:2
BRF:0
BRH:0
end_of_record
TN:
SF:src/common/interfaces/index.ts
FNF:0
FNH:0
DA:1,4
DA:2,4
DA:3,4
LF:3
LH:3
BRF:0
BRH:0
end_of_record
TN:
SF:src/common/utils/calculateBMI.ts
FN:4,(anonymous_0)
FNF:1
FNH:1
FNDA:43,(anonymous_0)
DA:1,4
DA:4,4
DA:5,43
LF:3
LH:3
BRF:0
BRH:0
end_of_record
TN:
SF:src/common/utils/getBMICategorMaxValue.ts
FN:3,(anonymous_0)
FN:5,(anonymous_1)
FNF:2
FNH:2
FNDA:11,(anonymous_0)
FNDA:66,(anonymous_1)
DA:1,4
DA:3,4
DA:4,11
DA:5,66
LF:4
LH:4
BRF:0
BRH:0
end_of_record
TN:
SF:src/common/utils/getBMIDetails.ts
FN:5,(anonymous_0)
FNF:1
FNH:1
FNDA:11,(anonymous_0)
DA:1,4
DA:3,4
DA:5,4
DA:6,11
LF:4
LH:4
BRF:0
BRH:0
end_of_record
TN:
SF:src/common/utils/index.ts
FNF:0
FNH:0
DA:1,4
DA:2,4
DA:3,4
LF:3
LH:3
BRF:0
BRH:0
end_of_record
TN:
SF:src/main/CalculateBMIToTheUsers.ts
FN:15,(anonymous_0)
FN:23,(anonymous_1)
FN:37,(anonymous_2)
FN:38,(anonymous_3)
FN:50,(anonymous_4)
FN:52,(anonymous_5)
FN:55,(anonymous_6)
FN:57,(anonymous_7)
FN:60,(anonymous_8)
FN:62,(anonymous_9)
FN:65,(anonymous_10)
FN:67,(anonymous_11)
FN:70,(anonymous_12)
FN:72,(anonymous_13)
FN:76,(anonymous_14)
FN:78,(anonymous_15)
FN:20,(anonymous_16)
FNF:17
FNH:17
FNDA:10,(anonymous_0)
FNDA:43,(anonymous_1)
FNDA:7,(anonymous_2)
FNDA:42,(anonymous_3)
FNDA:1,(anonymous_4)
FNDA:6,(anonymous_5)
FNDA:1,(anonymous_6)
FNDA:6,(anonymous_7)
FNDA:1,(anonymous_8)
FNDA:6,(anonymous_9)
FNDA:1,(anonymous_10)
FNDA:6,(anonymous_11)
FNDA:1,(anonymous_12)
FNDA:6,(anonymous_13)
FNDA:1,(anonymous_14)
FNDA:6,(anonymous_15)
FNDA:3,(anonymous_16)
DA:1,4
DA:2,4
DA:3,4
DA:4,4
DA:6,4
DA:10,4
DA:16,10
DA:17,10
DA:18,10
DA:21,3
DA:23,10
DA:24,43
DA:26,43
DA:27,136
DA:28,43
DA:30,43
DA:31,43
DA:34,43
DA:37,10
DA:38,7
DA:39,42
DA:40,42
DA:41,42
DA:42,42
DA:50,10
DA:51,1
DA:52,6
DA:55,10
DA:56,1
DA:57,6
DA:60,10
DA:61,1
DA:62,6
DA:65,10
DA:66,1
DA:67,6
DA:70,10
DA:71,1
DA:73,6
DA:76,10
DA:77,1
DA:78,6
LF:42
LH:42
BRDA:27,0,0,43
BRDA:27,0,1,93
BRF:2
BRH:2
end_of_record
TN:
SF:src/main/index.ts
FNF:0
FNH:0
DA:1,4
LF:1
LH:1
BRF:0
BRH:0
end_of_record
